<?xml version="1.0" encoding="UTF-8"?>
<testng-results skipped="0" failed="0" total="2" passed="2">
  <reporter-output>
  </reporter-output>
  <suite name="测试suite" duration-ms="6430" started-at="2016-05-23T07:35:31Z" finished-at="2016-05-23T07:35:38Z">
    <groups>
    </groups>
    <test name="测试test - class ultron.BaiduSuite" duration-ms="6430" started-at="2016-05-23T07:35:31Z" finished-at="2016-05-23T07:35:38Z">
      <class name="ultron.BaiduSuite">
        <test-method status="PASS" signature="getDesc()[pri:0, instance:ultron.BaiduSuite@2a70a3d8]" name="getDesc" duration-ms="0" started-at="2016-05-23T15:35:35Z" description="测试2" finished-at="2016-05-23T15:35:35Z">
          <reporter-output>
          </reporter-output>
        </test-method> <!-- getDesc -->
        <test-method status="PASS" signature="click()[pri:0, instance:ultron.BaiduSuite@2a70a3d8]" name="click" duration-ms="1233" started-at="2016-05-23T15:35:36Z" description="测试" depends-on-methods="ultron.BaiduSuite.getDesc" finished-at="2016-05-23T15:35:37Z">
          <reporter-output>
          </reporter-output>
        </test-method> <!-- click -->
      </class> <!-- ultron.BaiduSuite -->
    </test> <!-- 测试test - class ultron.BaiduSuite -->
  </suite> <!-- 测试suite -->
</testng-results>
